2023-01-05 00:01:04.614  INFO 24288 --- [scheduling-1] com.example.demo.LinlongApplication      : 正在清除过期登录/注册验证码...
2023-01-05 00:01:04.619  INFO 24288 --- [scheduling-1] com.example.demo.LinlongApplication      : {}
2023-01-05 00:01:04.619  INFO 24288 --- [scheduling-1] com.example.demo.LinlongApplication      : {}
2023-01-05 00:01:04.620  INFO 24288 --- [scheduling-1] com.example.demo.LinlongApplication      : {}
2023-01-05 00:01:04.620  INFO 24288 --- [scheduling-1] com.example.demo.LinlongApplication      : {}
2023-01-05 00:01:04.620  INFO 24288 --- [scheduling-1] com.example.demo.LinlongApplication      : 清除过期登录/注册验证码完成。
2023-01-05 00:01:11.423  INFO 24288 --- [File Watcher] rtingClassPathChangeChangedEventListener : Restarting due to 6 class path changes (0 additions, 0 deletions, 6 modifications)
2023-01-05 00:01:11.429  INFO 24288 --- [Thread-5] o.apache.catalina.core.StandardService   : Stopping service [Tomcat]
2023-01-05 00:01:11.456  INFO 24288 --- [Thread-5] j.LocalContainerEntityManagerFactoryBean : Closing JPA EntityManagerFactory for persistence unit 'default'
2023-01-05 00:01:11.459  INFO 24288 --- [Thread-5] com.zaxxer.hikari.HikariDataSource       : HikariPool-1 - Shutdown initiated...
2023-01-05 00:01:11.469  INFO 24288 --- [Thread-5] com.zaxxer.hikari.HikariDataSource       : HikariPool-1 - Shutdown completed.
2023-01-05 00:01:11.571  INFO 24288 --- [restartedMain] com.example.demo.LinlongApplicationKt    : Starting LinlongApplicationKt using Java 17.0.4.1 on LongPC with PID 24288 (D:\project\aaa_server\build\classes\kotlin\main started by LongPC in D:\project\aaa_server)
2023-01-05 00:01:11.571  INFO 24288 --- [restartedMain] com.example.demo.LinlongApplicationKt    : No active profile set, falling back to 1 default profile: "default"
2023-01-05 00:01:11.823  INFO 24288 --- [restartedMain] .s.d.r.c.RepositoryConfigurationDelegate : Multiple Spring Data modules found, entering strict repository configuration mode
2023-01-05 00:01:11.823  INFO 24288 --- [restartedMain] .s.d.r.c.RepositoryConfigurationDelegate : Bootstrapping Spring Data JPA repositories in DEFAULT mode.
2023-01-05 00:01:11.881  INFO 24288 --- [restartedMain] .s.d.r.c.RepositoryConfigurationDelegate : Finished Spring Data repository scanning in 58 ms. Found 17 JPA repository interfaces.
2023-01-05 00:01:11.887  INFO 24288 --- [restartedMain] .s.d.r.c.RepositoryConfigurationDelegate : Multiple Spring Data modules found, entering strict repository configuration mode
2023-01-05 00:01:11.887  INFO 24288 --- [restartedMain] .s.d.r.c.RepositoryConfigurationDelegate : Bootstrapping Spring Data Redis repositories in DEFAULT mode.
2023-01-05 00:01:11.901  INFO 24288 --- [restartedMain] .RepositoryConfigurationExtensionSupport : Spring Data Redis - Could not safely identify store assignment for repository candidate interface com.example.demo.entity.UsersRepository; If you want this repository to be a Redis repository, consider annotating your entities with one of these annotations: org.springframework.data.redis.core.RedisHash (preferred), or consider extending one of the following types with your repository: org.springframework.data.keyvalue.repository.KeyValueRepository
2023-01-05 00:01:11.902  INFO 24288 --- [restartedMain] .RepositoryConfigurationExtensionSupport : Spring Data Redis - Could not safely identify store assignment for repository candidate interface com.example.demo.entity.info.FragmentMemoryInfosRepository; If you want this repository to be a Redis repository, consider annotating your entities with one of these annotations: org.springframework.data.redis.core.RedisHash (preferred), or consider extending one of the following types with your repository: org.springframework.data.keyvalue.repository.KeyValueRepository
2023-01-05 00:01:11.902  INFO 24288 --- [restartedMain] .RepositoryConfigurationExtensionSupport : Spring Data Redis - Could not safely identify store assignment for repository candidate interface com.example.demo.entity.r.RDocument2DocumentGroupsRepository; If you want this repository to be a Redis repository, consider annotating your entities with one of these annotations: org.springframework.data.redis.core.RedisHash (preferred), or consider extending one of the following types with your repository: org.springframework.data.keyvalue.repository.KeyValueRepository
2023-01-05 00:01:11.902  INFO 24288 --- [restartedMain] .RepositoryConfigurationExtensionSupport : Spring Data Redis - Could not safely identify store assignment for repository candidate interface com.example.demo.entity.r.RFragment2FragmentGroupsRepository; If you want this repository to be a Redis repository, consider annotating your entities with one of these annotations: org.springframework.data.redis.core.RedisHash (preferred), or consider extending one of the following types with your repository: org.springframework.data.keyvalue.repository.KeyValueRepository
2023-01-05 00:01:11.903  INFO 24288 --- [restartedMain] .RepositoryConfigurationExtensionSupport : Spring Data Redis - Could not safely identify store assignment for repository candidate interface com.example.demo.entity.r.RNote2NoteGroupsRepository; If you want this repository to be a Redis repository, consider annotating your entities with one of these annotations: org.springframework.data.redis.core.RedisHash (preferred), or consider extending one of the following types with your repository: org.springframework.data.keyvalue.repository.KeyValueRepository
2023-01-05 00:01:11.903  INFO 24288 --- [restartedMain] .RepositoryConfigurationExtensionSupport : Spring Data Redis - Could not safely identify store assignment for repository candidate interface com.example.demo.entity.test.Test2sRepository; If you want this repository to be a Redis repository, consider annotating your entities with one of these annotations: org.springframework.data.redis.core.RedisHash (preferred), or consider extending one of the following types with your repository: org.springframework.data.keyvalue.repository.KeyValueRepository
2023-01-05 00:01:11.904  INFO 24288 --- [restartedMain] .RepositoryConfigurationExtensionSupport : Spring Data Redis - Could not safely identify store assignment for repository candidate interface com.example.demo.entity.test.TestsRepository; If you want this repository to be a Redis repository, consider annotating your entities with one of these annotations: org.springframework.data.redis.core.RedisHash (preferred), or consider extending one of the following types with your repository: org.springframework.data.keyvalue.repository.KeyValueRepository
2023-01-05 00:01:11.904  INFO 24288 --- [restartedMain] .RepositoryConfigurationExtensionSupport : Spring Data Redis - Could not safely identify store assignment for repository candidate interface com.example.demo.entity.two_way.ServerSyncInfosRepository; If you want this repository to be a Redis repository, consider annotating your entities with one of these annotations: org.springframework.data.redis.core.RedisHash (preferred), or consider extending one of the following types with your repository: org.springframework.data.keyvalue.repository.KeyValueRepository
2023-01-05 00:01:11.904  INFO 24288 --- [restartedMain] .RepositoryConfigurationExtensionSupport : Spring Data Redis - Could not safely identify store assignment for repository candidate interface com.example.demo.entity.unit.DocumentsRepository; If you want this repository to be a Redis repository, consider annotating your entities with one of these annotations: org.springframework.data.redis.core.RedisHash (preferred), or consider extending one of the following types with your repository: org.springframework.data.keyvalue.repository.KeyValueRepository
2023-01-05 00:01:11.904  INFO 24288 --- [restartedMain] .RepositoryConfigurationExtensionSupport : Spring Data Redis - Could not safely identify store assignment for repository candidate interface com.example.demo.entity.unit.FragmentTemplatesRepository; If you want this repository to be a Redis repository, consider annotating your entities with one of these annotations: org.springframework.data.redis.core.RedisHash (preferred), or consider extending one of the following types with your repository: org.springframework.data.keyvalue.repository.KeyValueRepository
2023-01-05 00:01:11.905  INFO 24288 --- [restartedMain] .RepositoryConfigurationExtensionSupport : Spring Data Redis - Could not safely identify store assignment for repository candidate interface com.example.demo.entity.unit.FragmentsRepository; If you want this repository to be a Redis repository, consider annotating your entities with one of these annotations: org.springframework.data.redis.core.RedisHash (preferred), or consider extending one of the following types with your repository: org.springframework.data.keyvalue.repository.KeyValueRepository
2023-01-05 00:01:11.905  INFO 24288 --- [restartedMain] .RepositoryConfigurationExtensionSupport : Spring Data Redis - Could not safely identify store assignment for repository candidate interface com.example.demo.entity.unit.MemoryGroupsRepository; If you want this repository to be a Redis repository, consider annotating your entities with one of these annotations: org.springframework.data.redis.core.RedisHash (preferred), or consider extending one of the following types with your repository: org.springframework.data.keyvalue.repository.KeyValueRepository
2023-01-05 00:01:11.905  INFO 24288 --- [restartedMain] .RepositoryConfigurationExtensionSupport : Spring Data Redis - Could not safely identify store assignment for repository candidate interface com.example.demo.entity.unit.MemoryModelsRepository; If you want this repository to be a Redis repository, consider annotating your entities with one of these annotations: org.springframework.data.redis.core.RedisHash (preferred), or consider extending one of the following types with your repository: org.springframework.data.keyvalue.repository.KeyValueRepository
2023-01-05 00:01:11.906  INFO 24288 --- [restartedMain] .RepositoryConfigurationExtensionSupport : Spring Data Redis - Could not safely identify store assignment for repository candidate interface com.example.demo.entity.unit.NotesRepository; If you want this repository to be a Redis repository, consider annotating your entities with one of these annotations: org.springframework.data.redis.core.RedisHash (preferred), or consider extending one of the following types with your repository: org.springframework.data.keyvalue.repository.KeyValueRepository
2023-01-05 00:01:11.906  INFO 24288 --- [restartedMain] .RepositoryConfigurationExtensionSupport : Spring Data Redis - Could not safely identify store assignment for repository candidate interface com.example.demo.entity.unit_group.DocumentGroupsRepository; If you want this repository to be a Redis repository, consider annotating your entities with one of these annotations: org.springframework.data.redis.core.RedisHash (preferred), or consider extending one of the following types with your repository: org.springframework.data.keyvalue.repository.KeyValueRepository
2023-01-05 00:01:11.906  INFO 24288 --- [restartedMain] .RepositoryConfigurationExtensionSupport : Spring Data Redis - Could not safely identify store assignment for repository candidate interface com.example.demo.entity.unit_group.FragmentGroupsRepository; If you want this repository to be a Redis repository, consider annotating your entities with one of these annotations: org.springframework.data.redis.core.RedisHash (preferred), or consider extending one of the following types with your repository: org.springframework.data.keyvalue.repository.KeyValueRepository
2023-01-05 00:01:11.907  INFO 24288 --- [restartedMain] .RepositoryConfigurationExtensionSupport : Spring Data Redis - Could not safely identify store assignment for repository candidate interface com.example.demo.entity.unit_group.NoteGroupsRepository; If you want this repository to be a Redis repository, consider annotating your entities with one of these annotations: org.springframework.data.redis.core.RedisHash (preferred), or consider extending one of the following types with your repository: org.springframework.data.keyvalue.repository.KeyValueRepository
2023-01-05 00:01:11.907  INFO 24288 --- [restartedMain] .s.d.r.c.RepositoryConfigurationDelegate : Finished Spring Data repository scanning in 19 ms. Found 0 Redis repository interfaces.
2023-01-05 00:01:12.011  INFO 24288 --- [restartedMain] o.s.b.w.embedded.tomcat.TomcatWebServer  : Tomcat initialized with port(s): 2814 (http)
2023-01-05 00:01:12.012  INFO 24288 --- [restartedMain] o.apache.catalina.core.StandardService   : Starting service [Tomcat]
2023-01-05 00:01:12.012  INFO 24288 --- [restartedMain] org.apache.catalina.core.StandardEngine  : Starting Servlet engine: [Apache Tomcat/9.0.68]
2023-01-05 00:01:12.051  INFO 24288 --- [restartedMain] o.a.c.c.C.[Tomcat].[localhost].[/]       : Initializing Spring embedded WebApplicationContext
2023-01-05 00:01:12.051  INFO 24288 --- [restartedMain] w.s.c.ServletWebServerApplicationContext : Root WebApplicationContext: initialization completed in 477 ms
2023-01-05 00:01:12.137  INFO 24288 --- [restartedMain] o.hibernate.jpa.internal.util.LogHelper  : HHH000204: Processing PersistenceUnitInfo [name: default]
2023-01-05 00:01:12.146  INFO 24288 --- [restartedMain] com.zaxxer.hikari.HikariDataSource       : HikariPool-2 - Starting...
2023-01-05 00:01:12.165  INFO 24288 --- [restartedMain] com.zaxxer.hikari.HikariDataSource       : HikariPool-2 - Start completed.
2023-01-05 00:01:12.166  INFO 24288 --- [restartedMain] org.hibernate.dialect.Dialect            : HHH000400: Using dialect: org.hibernate.dialect.MySQL8Dialect
2023-01-05 00:01:12.751  INFO 24288 --- [restartedMain] o.h.e.t.j.p.i.JtaPlatformInitiator       : HHH000490: Using JtaPlatform implementation: [org.hibernate.engine.transaction.jta.platform.internal.NoJtaPlatform]
2023-01-05 00:01:12.752  INFO 24288 --- [restartedMain] j.LocalContainerEntityManagerFactoryBean : Initialized JPA EntityManagerFactory for persistence unit 'default'
2023-01-05 00:01:13.518  WARN 24288 --- [restartedMain] JpaBaseConfiguration$JpaWebConfiguration : spring.jpa.open-in-view is enabled by default. Therefore, database queries may be performed during view rendering. Explicitly configure spring.jpa.open-in-view to disable this warning
2023-01-05 00:01:13.644  INFO 24288 --- [restartedMain] o.s.b.d.a.OptionalLiveReloadServer       : LiveReload server is running on port 35729
2023-01-05 00:01:13.658  INFO 24288 --- [restartedMain] o.s.b.w.embedded.tomcat.TomcatWebServer  : Tomcat started on port(s): 2814 (http) with context path ''
2023-01-05 00:01:13.662  INFO 24288 --- [restartedMain] com.example.demo.LinlongApplicationKt    : Started LinlongApplicationKt in 2.136 seconds (JVM running for 314.411)
2023-01-05 00:01:13.662  INFO 24288 --- [scheduling-1] com.example.demo.LinlongApplication      : 正在清除过期登录/注册验证码...
2023-01-05 00:01:13.662  INFO 24288 --- [scheduling-1] com.example.demo.LinlongApplication      : {}
2023-01-05 00:01:13.662  INFO 24288 --- [scheduling-1] com.example.demo.LinlongApplication      : {}
2023-01-05 00:01:13.662  INFO 24288 --- [scheduling-1] com.example.demo.LinlongApplication      : {}
2023-01-05 00:01:13.662  INFO 24288 --- [scheduling-1] com.example.demo.LinlongApplication      : {}
2023-01-05 00:01:13.662  INFO 24288 --- [scheduling-1] com.example.demo.LinlongApplication      : 清除过期登录/注册验证码完成。
2023-01-05 00:01:13.664  INFO 24288 --- [restartedMain] .ConditionEvaluationDeltaLoggingListener : Condition evaluation unchanged
2023-01-05 00:02:01.498  INFO 24288 --- [SpringApplicationShutdownHook] j.LocalContainerEntityManagerFactoryBean : Closing JPA EntityManagerFactory for persistence unit 'default'
2023-01-05 00:02:01.498  INFO 24288 --- [SpringApplicationShutdownHook] com.zaxxer.hikari.HikariDataSource       : HikariPool-2 - Shutdown initiated...
2023-01-05 00:02:01.501  INFO 24288 --- [SpringApplicationShutdownHook] com.zaxxer.hikari.HikariDataSource       : HikariPool-2 - Shutdown completed.
2023-01-05 00:02:04.987  INFO 18464 --- [restartedMain] com.example.demo.LinlongApplicationKt    : Starting LinlongApplicationKt using Java 17.0.4.1 on LongPC with PID 18464 (D:\project\aaa_server\build\classes\kotlin\main started by LongPC in D:\project\aaa_server)
2023-01-05 00:02:04.988  INFO 18464 --- [restartedMain] com.example.demo.LinlongApplicationKt    : No active profile set, falling back to 1 default profile: "default"
2023-01-05 00:02:05.037  INFO 18464 --- [restartedMain] .e.DevToolsPropertyDefaultsPostProcessor : Devtools property defaults active! Set 'spring.devtools.add-properties' to 'false' to disable
2023-01-05 00:02:05.037  INFO 18464 --- [restartedMain] .e.DevToolsPropertyDefaultsPostProcessor : For additional web related logging consider setting the 'logging.level.web' property to 'DEBUG'
2023-01-05 00:02:05.860  INFO 18464 --- [restartedMain] .s.d.r.c.RepositoryConfigurationDelegate : Multiple Spring Data modules found, entering strict repository configuration mode
2023-01-05 00:02:05.861  INFO 18464 --- [restartedMain] .s.d.r.c.RepositoryConfigurationDelegate : Bootstrapping Spring Data JPA repositories in DEFAULT mode.
2023-01-05 00:02:06.007  INFO 18464 --- [restartedMain] .s.d.r.c.RepositoryConfigurationDelegate : Finished Spring Data repository scanning in 139 ms. Found 17 JPA repository interfaces.
2023-01-05 00:02:06.019  INFO 18464 --- [restartedMain] .s.d.r.c.RepositoryConfigurationDelegate : Multiple Spring Data modules found, entering strict repository configuration mode
2023-01-05 00:02:06.024  INFO 18464 --- [restartedMain] .s.d.r.c.RepositoryConfigurationDelegate : Bootstrapping Spring Data Redis repositories in DEFAULT mode.
2023-01-05 00:02:06.043  INFO 18464 --- [restartedMain] .RepositoryConfigurationExtensionSupport : Spring Data Redis - Could not safely identify store assignment for repository candidate interface com.example.demo.entity.UsersRepository; If you want this repository to be a Redis repository, consider annotating your entities with one of these annotations: org.springframework.data.redis.core.RedisHash (preferred), or consider extending one of the following types with your repository: org.springframework.data.keyvalue.repository.KeyValueRepository
2023-01-05 00:02:06.043  INFO 18464 --- [restartedMain] .RepositoryConfigurationExtensionSupport : Spring Data Redis - Could not safely identify store assignment for repository candidate interface com.example.demo.entity.info.FragmentMemoryInfosRepository; If you want this repository to be a Redis repository, consider annotating your entities with one of these annotations: org.springframework.data.redis.core.RedisHash (preferred), or consider extending one of the following types with your repository: org.springframework.data.keyvalue.repository.KeyValueRepository
2023-01-05 00:02:06.044  INFO 18464 --- [restartedMain] .RepositoryConfigurationExtensionSupport : Spring Data Redis - Could not safely identify store assignment for repository candidate interface com.example.demo.entity.r.RDocument2DocumentGroupsRepository; If you want this repository to be a Redis repository, consider annotating your entities with one of these annotations: org.springframework.data.redis.core.RedisHash (preferred), or consider extending one of the following types with your repository: org.springframework.data.keyvalue.repository.KeyValueRepository
2023-01-05 00:02:06.044  INFO 18464 --- [restartedMain] .RepositoryConfigurationExtensionSupport : Spring Data Redis - Could not safely identify store assignment for repository candidate interface com.example.demo.entity.r.RFragment2FragmentGroupsRepository; If you want this repository to be a Redis repository, consider annotating your entities with one of these annotations: org.springframework.data.redis.core.RedisHash (preferred), or consider extending one of the following types with your repository: org.springframework.data.keyvalue.repository.KeyValueRepository
2023-01-05 00:02:06.044  INFO 18464 --- [restartedMain] .RepositoryConfigurationExtensionSupport : Spring Data Redis - Could not safely identify store assignment for repository candidate interface com.example.demo.entity.r.RNote2NoteGroupsRepository; If you want this repository to be a Redis repository, consider annotating your entities with one of these annotations: org.springframework.data.redis.core.RedisHash (preferred), or consider extending one of the following types with your repository: org.springframework.data.keyvalue.repository.KeyValueRepository
2023-01-05 00:02:06.045  INFO 18464 --- [restartedMain] .RepositoryConfigurationExtensionSupport : Spring Data Redis - Could not safely identify store assignment for repository candidate interface com.example.demo.entity.test.Test2sRepository; If you want this repository to be a Redis repository, consider annotating your entities with one of these annotations: org.springframework.data.redis.core.RedisHash (preferred), or consider extending one of the following types with your repository: org.springframework.data.keyvalue.repository.KeyValueRepository
2023-01-05 00:02:06.045  INFO 18464 --- [restartedMain] .RepositoryConfigurationExtensionSupport : Spring Data Redis - Could not safely identify store assignment for repository candidate interface com.example.demo.entity.test.TestsRepository; If you want this repository to be a Redis repository, consider annotating your entities with one of these annotations: org.springframework.data.redis.core.RedisHash (preferred), or consider extending one of the following types with your repository: org.springframework.data.keyvalue.repository.KeyValueRepository
2023-01-05 00:02:06.045  INFO 18464 --- [restartedMain] .RepositoryConfigurationExtensionSupport : Spring Data Redis - Could not safely identify store assignment for repository candidate interface com.example.demo.entity.two_way.ServerSyncInfosRepository; If you want this repository to be a Redis repository, consider annotating your entities with one of these annotations: org.springframework.data.redis.core.RedisHash (preferred), or consider extending one of the following types with your repository: org.springframework.data.keyvalue.repository.KeyValueRepository
2023-01-05 00:02:06.045  INFO 18464 --- [restartedMain] .RepositoryConfigurationExtensionSupport : Spring Data Redis - Could not safely identify store assignment for repository candidate interface com.example.demo.entity.unit.DocumentsRepository; If you want this repository to be a Redis repository, consider annotating your entities with one of these annotations: org.springframework.data.redis.core.RedisHash (preferred), or consider extending one of the following types with your repository: org.springframework.data.keyvalue.repository.KeyValueRepository
2023-01-05 00:02:06.046  INFO 18464 --- [restartedMain] .RepositoryConfigurationExtensionSupport : Spring Data Redis - Could not safely identify store assignment for repository candidate interface com.example.demo.entity.unit.FragmentTemplatesRepository; If you want this repository to be a Redis repository, consider annotating your entities with one of these annotations: org.springframework.data.redis.core.RedisHash (preferred), or consider extending one of the following types with your repository: org.springframework.data.keyvalue.repository.KeyValueRepository
2023-01-05 00:02:06.046  INFO 18464 --- [restartedMain] .RepositoryConfigurationExtensionSupport : Spring Data Redis - Could not safely identify store assignment for repository candidate interface com.example.demo.entity.unit.FragmentsRepository; If you want this repository to be a Redis repository, consider annotating your entities with one of these annotations: org.springframework.data.redis.core.RedisHash (preferred), or consider extending one of the following types with your repository: org.springframework.data.keyvalue.repository.KeyValueRepository
2023-01-05 00:02:06.046  INFO 18464 --- [restartedMain] .RepositoryConfigurationExtensionSupport : Spring Data Redis - Could not safely identify store assignment for repository candidate interface com.example.demo.entity.unit.MemoryGroupsRepository; If you want this repository to be a Redis repository, consider annotating your entities with one of these annotations: org.springframework.data.redis.core.RedisHash (preferred), or consider extending one of the following types with your repository: org.springframework.data.keyvalue.repository.KeyValueRepository
2023-01-05 00:02:06.046  INFO 18464 --- [restartedMain] .RepositoryConfigurationExtensionSupport : Spring Data Redis - Could not safely identify store assignment for repository candidate interface com.example.demo.entity.unit.MemoryModelsRepository; If you want this repository to be a Redis repository, consider annotating your entities with one of these annotations: org.springframework.data.redis.core.RedisHash (preferred), or consider extending one of the following types with your repository: org.springframework.data.keyvalue.repository.KeyValueRepository
2023-01-05 00:02:06.047  INFO 18464 --- [restartedMain] .RepositoryConfigurationExtensionSupport : Spring Data Redis - Could not safely identify store assignment for repository candidate interface com.example.demo.entity.unit.NotesRepository; If you want this repository to be a Redis repository, consider annotating your entities with one of these annotations: org.springframework.data.redis.core.RedisHash (preferred), or consider extending one of the following types with your repository: org.springframework.data.keyvalue.repository.KeyValueRepository
2023-01-05 00:02:06.047  INFO 18464 --- [restartedMain] .RepositoryConfigurationExtensionSupport : Spring Data Redis - Could not safely identify store assignment for repository candidate interface com.example.demo.entity.unit_group.DocumentGroupsRepository; If you want this repository to be a Redis repository, consider annotating your entities with one of these annotations: org.springframework.data.redis.core.RedisHash (preferred), or consider extending one of the following types with your repository: org.springframework.data.keyvalue.repository.KeyValueRepository
2023-01-05 00:02:06.051  INFO 18464 --- [restartedMain] .RepositoryConfigurationExtensionSupport : Spring Data Redis - Could not safely identify store assignment for repository candidate interface com.example.demo.entity.unit_group.FragmentGroupsRepository; If you want this repository to be a Redis repository, consider annotating your entities with one of these annotations: org.springframework.data.redis.core.RedisHash (preferred), or consider extending one of the following types with your repository: org.springframework.data.keyvalue.repository.KeyValueRepository
2023-01-05 00:02:06.053  INFO 18464 --- [restartedMain] .RepositoryConfigurationExtensionSupport : Spring Data Redis - Could not safely identify store assignment for repository candidate interface com.example.demo.entity.unit_group.NoteGroupsRepository; If you want this repository to be a Redis repository, consider annotating your entities with one of these annotations: org.springframework.data.redis.core.RedisHash (preferred), or consider extending one of the following types with your repository: org.springframework.data.keyvalue.repository.KeyValueRepository
2023-01-05 00:02:06.053  INFO 18464 --- [restartedMain] .s.d.r.c.RepositoryConfigurationDelegate : Finished Spring Data repository scanning in 20 ms. Found 0 Redis repository interfaces.
2023-01-05 00:02:06.524  INFO 18464 --- [restartedMain] o.s.b.w.embedded.tomcat.TomcatWebServer  : Tomcat initialized with port(s): 2814 (http)
2023-01-05 00:02:06.531  INFO 18464 --- [restartedMain] o.apache.catalina.core.StandardService   : Starting service [Tomcat]
2023-01-05 00:02:06.531  INFO 18464 --- [restartedMain] org.apache.catalina.core.StandardEngine  : Starting Servlet engine: [Apache Tomcat/9.0.68]
2023-01-05 00:02:06.604  INFO 18464 --- [restartedMain] o.a.c.c.C.[Tomcat].[localhost].[/]       : Initializing Spring embedded WebApplicationContext
2023-01-05 00:02:06.605  INFO 18464 --- [restartedMain] w.s.c.ServletWebServerApplicationContext : Root WebApplicationContext: initialization completed in 1568 ms
2023-01-05 00:02:06.753  INFO 18464 --- [restartedMain] o.hibernate.jpa.internal.util.LogHelper  : HHH000204: Processing PersistenceUnitInfo [name: default]
2023-01-05 00:02:06.791  INFO 18464 --- [restartedMain] org.hibernate.Version                    : HHH000412: Hibernate ORM core version 5.6.12.Final
2023-01-05 00:02:06.916  INFO 18464 --- [restartedMain] o.hibernate.annotations.common.Version   : HCANN000001: Hibernate Commons Annotations {5.1.2.Final}
2023-01-05 00:02:06.991  INFO 18464 --- [restartedMain] com.zaxxer.hikari.HikariDataSource       : HikariPool-1 - Starting...
2023-01-05 00:02:07.255  INFO 18464 --- [restartedMain] com.zaxxer.hikari.HikariDataSource       : HikariPool-1 - Start completed.
2023-01-05 00:02:07.289  INFO 18464 --- [restartedMain] org.hibernate.dialect.Dialect            : HHH000400: Using dialect: org.hibernate.dialect.MySQL8Dialect
2023-01-05 00:02:08.033  INFO 18464 --- [restartedMain] o.h.e.t.j.p.i.JtaPlatformInitiator       : HHH000490: Using JtaPlatform implementation: [org.hibernate.engine.transaction.jta.platform.internal.NoJtaPlatform]
2023-01-05 00:02:08.039  INFO 18464 --- [restartedMain] j.LocalContainerEntityManagerFactoryBean : Initialized JPA EntityManagerFactory for persistence unit 'default'
2023-01-05 00:02:08.690  WARN 18464 --- [restartedMain] JpaBaseConfiguration$JpaWebConfiguration : spring.jpa.open-in-view is enabled by default. Therefore, database queries may be performed during view rendering. Explicitly configure spring.jpa.open-in-view to disable this warning
2023-01-05 00:02:09.174  INFO 18464 --- [restartedMain] o.s.b.d.a.OptionalLiveReloadServer       : LiveReload server is running on port 35729
2023-01-05 00:02:09.209  INFO 18464 --- [restartedMain] o.s.b.w.embedded.tomcat.TomcatWebServer  : Tomcat started on port(s): 2814 (http) with context path ''
2023-01-05 00:02:09.215  INFO 18464 --- [scheduling-1] com.example.demo.LinlongApplication      : 正在清除过期登录/注册验证码...
2023-01-05 00:02:09.216  INFO 18464 --- [scheduling-1] com.example.demo.LinlongApplication      : {}
2023-01-05 00:02:09.216  INFO 18464 --- [scheduling-1] com.example.demo.LinlongApplication      : {}
2023-01-05 00:02:09.216  INFO 18464 --- [scheduling-1] com.example.demo.LinlongApplication      : {}
2023-01-05 00:02:09.216  INFO 18464 --- [scheduling-1] com.example.demo.LinlongApplication      : {}
2023-01-05 00:02:09.216  INFO 18464 --- [scheduling-1] com.example.demo.LinlongApplication      : 清除过期登录/注册验证码完成。
2023-01-05 00:02:09.217  INFO 18464 --- [restartedMain] com.example.demo.LinlongApplicationKt    : Started LinlongApplicationKt in 4.591 seconds (JVM running for 5.277)
2023-01-05 00:02:32.424  INFO 18464 --- [http-nio-192.168.101.15-2814-exec-1] o.a.c.c.C.[Tomcat].[localhost].[/]       : Initializing Spring DispatcherServlet 'dispatcherServlet'
2023-01-05 00:02:32.424  INFO 18464 --- [http-nio-192.168.101.15-2814-exec-1] o.s.web.servlet.DispatcherServlet        : Initializing Servlet 'dispatcherServlet'
2023-01-05 00:02:32.425  INFO 18464 --- [http-nio-192.168.101.15-2814-exec-1] o.s.web.servlet.DispatcherServlet        : Completed initialization in 1 ms
2023-01-05 00:07:09.227  INFO 18464 --- [scheduling-1] com.example.demo.LinlongApplication      : 正在清除过期登录/注册验证码...
2023-01-05 00:07:09.227  INFO 18464 --- [scheduling-1] com.example.demo.LinlongApplication      : {}
2023-01-05 00:07:09.227  INFO 18464 --- [scheduling-1] com.example.demo.LinlongApplication      : {}
2023-01-05 00:07:09.227  INFO 18464 --- [scheduling-1] com.example.demo.LinlongApplication      : {}
2023-01-05 00:07:09.227  INFO 18464 --- [scheduling-1] com.example.demo.LinlongApplication      : {}
2023-01-05 00:07:09.227  INFO 18464 --- [scheduling-1] com.example.demo.LinlongApplication      : 清除过期登录/注册验证码完成。
2023-01-05 00:08:18.287  INFO 18464 --- [SpringApplicationShutdownHook] j.LocalContainerEntityManagerFactoryBean : Closing JPA EntityManagerFactory for persistence unit 'default'
2023-01-05 00:08:18.289  INFO 18464 --- [SpringApplicationShutdownHook] com.zaxxer.hikari.HikariDataSource       : HikariPool-1 - Shutdown initiated...
2023-01-05 00:08:18.294  INFO 18464 --- [SpringApplicationShutdownHook] com.zaxxer.hikari.HikariDataSource       : HikariPool-1 - Shutdown completed.
2023-01-05 00:08:56.330  INFO 24272 --- [restartedMain] com.example.demo.LinlongApplicationKt    : Starting LinlongApplicationKt using Java 17.0.4.1 on LongPC with PID 24272 (D:\project\aaa_server\build\classes\kotlin\main started by LongPC in D:\project\aaa_server)
2023-01-05 00:08:56.331  INFO 24272 --- [restartedMain] com.example.demo.LinlongApplicationKt    : No active profile set, falling back to 1 default profile: "default"
2023-01-05 00:08:56.390  INFO 24272 --- [restartedMain] .e.DevToolsPropertyDefaultsPostProcessor : Devtools property defaults active! Set 'spring.devtools.add-properties' to 'false' to disable
2023-01-05 00:08:56.390  INFO 24272 --- [restartedMain] .e.DevToolsPropertyDefaultsPostProcessor : For additional web related logging consider setting the 'logging.level.web' property to 'DEBUG'
2023-01-05 00:08:57.225  INFO 24272 --- [restartedMain] .s.d.r.c.RepositoryConfigurationDelegate : Multiple Spring Data modules found, entering strict repository configuration mode
2023-01-05 00:08:57.226  INFO 24272 --- [restartedMain] .s.d.r.c.RepositoryConfigurationDelegate : Bootstrapping Spring Data JPA repositories in DEFAULT mode.
2023-01-05 00:08:57.394  INFO 24272 --- [restartedMain] .s.d.r.c.RepositoryConfigurationDelegate : Finished Spring Data repository scanning in 161 ms. Found 17 JPA repository interfaces.
2023-01-05 00:08:57.406  INFO 24272 --- [restartedMain] .s.d.r.c.RepositoryConfigurationDelegate : Multiple Spring Data modules found, entering strict repository configuration mode
2023-01-05 00:08:57.410  INFO 24272 --- [restartedMain] .s.d.r.c.RepositoryConfigurationDelegate : Bootstrapping Spring Data Redis repositories in DEFAULT mode.
2023-01-05 00:08:57.428  INFO 24272 --- [restartedMain] .RepositoryConfigurationExtensionSupport : Spring Data Redis - Could not safely identify store assignment for repository candidate interface com.example.demo.entity.UsersRepository; If you want this repository to be a Redis repository, consider annotating your entities with one of these annotations: org.springframework.data.redis.core.RedisHash (preferred), or consider extending one of the following types with your repository: org.springframework.data.keyvalue.repository.KeyValueRepository
2023-01-05 00:08:57.428  INFO 24272 --- [restartedMain] .RepositoryConfigurationExtensionSupport : Spring Data Redis - Could not safely identify store assignment for repository candidate interface com.example.demo.entity.info.FragmentMemoryInfosRepository; If you want this repository to be a Redis repository, consider annotating your entities with one of these annotations: org.springframework.data.redis.core.RedisHash (preferred), or consider extending one of the following types with your repository: org.springframework.data.keyvalue.repository.KeyValueRepository
2023-01-05 00:08:57.429  INFO 24272 --- [restartedMain] .RepositoryConfigurationExtensionSupport : Spring Data Redis - Could not safely identify store assignment for repository candidate interface com.example.demo.entity.r.RDocument2DocumentGroupsRepository; If you want this repository to be a Redis repository, consider annotating your entities with one of these annotations: org.springframework.data.redis.core.RedisHash (preferred), or consider extending one of the following types with your repository: org.springframework.data.keyvalue.repository.KeyValueRepository
2023-01-05 00:08:57.429  INFO 24272 --- [restartedMain] .RepositoryConfigurationExtensionSupport : Spring Data Redis - Could not safely identify store assignment for repository candidate interface com.example.demo.entity.r.RFragment2FragmentGroupsRepository; If you want this repository to be a Redis repository, consider annotating your entities with one of these annotations: org.springframework.data.redis.core.RedisHash (preferred), or consider extending one of the following types with your repository: org.springframework.data.keyvalue.repository.KeyValueRepository
2023-01-05 00:08:57.430  INFO 24272 --- [restartedMain] .RepositoryConfigurationExtensionSupport : Spring Data Redis - Could not safely identify store assignment for repository candidate interface com.example.demo.entity.r.RNote2NoteGroupsRepository; If you want this repository to be a Redis repository, consider annotating your entities with one of these annotations: org.springframework.data.redis.core.RedisHash (preferred), or consider extending one of the following types with your repository: org.springframework.data.keyvalue.repository.KeyValueRepository
2023-01-05 00:08:57.430  INFO 24272 --- [restartedMain] .RepositoryConfigurationExtensionSupport : Spring Data Redis - Could not safely identify store assignment for repository candidate interface com.example.demo.entity.test.Test2sRepository; If you want this repository to be a Redis repository, consider annotating your entities with one of these annotations: org.springframework.data.redis.core.RedisHash (preferred), or consider extending one of the following types with your repository: org.springframework.data.keyvalue.repository.KeyValueRepository
2023-01-05 00:08:57.430  INFO 24272 --- [restartedMain] .RepositoryConfigurationExtensionSupport : Spring Data Redis - Could not safely identify store assignment for repository candidate interface com.example.demo.entity.test.TestsRepository; If you want this repository to be a Redis repository, consider annotating your entities with one of these annotations: org.springframework.data.redis.core.RedisHash (preferred), or consider extending one of the following types with your repository: org.springframework.data.keyvalue.repository.KeyValueRepository
2023-01-05 00:08:57.431  INFO 24272 --- [restartedMain] .RepositoryConfigurationExtensionSupport : Spring Data Redis - Could not safely identify store assignment for repository candidate interface com.example.demo.entity.two_way.ServerSyncInfosRepository; If you want this repository to be a Redis repository, consider annotating your entities with one of these annotations: org.springframework.data.redis.core.RedisHash (preferred), or consider extending one of the following types with your repository: org.springframework.data.keyvalue.repository.KeyValueRepository
2023-01-05 00:08:57.431  INFO 24272 --- [restartedMain] .RepositoryConfigurationExtensionSupport : Spring Data Redis - Could not safely identify store assignment for repository candidate interface com.example.demo.entity.unit.DocumentsRepository; If you want this repository to be a Redis repository, consider annotating your entities with one of these annotations: org.springframework.data.redis.core.RedisHash (preferred), or consider extending one of the following types with your repository: org.springframework.data.keyvalue.repository.KeyValueRepository
2023-01-05 00:08:57.432  INFO 24272 --- [restartedMain] .RepositoryConfigurationExtensionSupport : Spring Data Redis - Could not safely identify store assignment for repository candidate interface com.example.demo.entity.unit.FragmentTemplatesRepository; If you want this repository to be a Redis repository, consider annotating your entities with one of these annotations: org.springframework.data.redis.core.RedisHash (preferred), or consider extending one of the following types with your repository: org.springframework.data.keyvalue.repository.KeyValueRepository
2023-01-05 00:08:57.432  INFO 24272 --- [restartedMain] .RepositoryConfigurationExtensionSupport : Spring Data Redis - Could not safely identify store assignment for repository candidate interface com.example.demo.entity.unit.FragmentsRepository; If you want this repository to be a Redis repository, consider annotating your entities with one of these annotations: org.springframework.data.redis.core.RedisHash (preferred), or consider extending one of the following types with your repository: org.springframework.data.keyvalue.repository.KeyValueRepository
2023-01-05 00:08:57.432  INFO 24272 --- [restartedMain] .RepositoryConfigurationExtensionSupport : Spring Data Redis - Could not safely identify store assignment for repository candidate interface com.example.demo.entity.unit.MemoryGroupsRepository; If you want this repository to be a Redis repository, consider annotating your entities with one of these annotations: org.springframework.data.redis.core.RedisHash (preferred), or consider extending one of the following types with your repository: org.springframework.data.keyvalue.repository.KeyValueRepository
2023-01-05 00:08:57.432  INFO 24272 --- [restartedMain] .RepositoryConfigurationExtensionSupport : Spring Data Redis - Could not safely identify store assignment for repository candidate interface com.example.demo.entity.unit.MemoryModelsRepository; If you want this repository to be a Redis repository, consider annotating your entities with one of these annotations: org.springframework.data.redis.core.RedisHash (preferred), or consider extending one of the following types with your repository: org.springframework.data.keyvalue.repository.KeyValueRepository
2023-01-05 00:08:57.432  INFO 24272 --- [restartedMain] .RepositoryConfigurationExtensionSupport : Spring Data Redis - Could not safely identify store assignment for repository candidate interface com.example.demo.entity.unit.NotesRepository; If you want this repository to be a Redis repository, consider annotating your entities with one of these annotations: org.springframework.data.redis.core.RedisHash (preferred), or consider extending one of the following types with your repository: org.springframework.data.keyvalue.repository.KeyValueRepository
2023-01-05 00:08:57.434  INFO 24272 --- [restartedMain] .RepositoryConfigurationExtensionSupport : Spring Data Redis - Could not safely identify store assignment for repository candidate interface com.example.demo.entity.unit_group.DocumentGroupsRepository; If you want this repository to be a Redis repository, consider annotating your entities with one of these annotations: org.springframework.data.redis.core.RedisHash (preferred), or consider extending one of the following types with your repository: org.springframework.data.keyvalue.repository.KeyValueRepository
2023-01-05 00:08:57.434  INFO 24272 --- [restartedMain] .RepositoryConfigurationExtensionSupport : Spring Data Redis - Could not safely identify store assignment for repository candidate interface com.example.demo.entity.unit_group.FragmentGroupsRepository; If you want this repository to be a Redis repository, consider annotating your entities with one of these annotations: org.springframework.data.redis.core.RedisHash (preferred), or consider extending one of the following types with your repository: org.springframework.data.keyvalue.repository.KeyValueRepository
2023-01-05 00:08:57.435  INFO 24272 --- [restartedMain] .RepositoryConfigurationExtensionSupport : Spring Data Redis - Could not safely identify store assignment for repository candidate interface com.example.demo.entity.unit_group.NoteGroupsRepository; If you want this repository to be a Redis repository, consider annotating your entities with one of these annotations: org.springframework.data.redis.core.RedisHash (preferred), or consider extending one of the following types with your repository: org.springframework.data.keyvalue.repository.KeyValueRepository
2023-01-05 00:08:57.435  INFO 24272 --- [restartedMain] .s.d.r.c.RepositoryConfigurationDelegate : Finished Spring Data repository scanning in 17 ms. Found 0 Redis repository interfaces.
2023-01-05 00:08:57.945  INFO 24272 --- [restartedMain] o.s.b.w.embedded.tomcat.TomcatWebServer  : Tomcat initialized with port(s): 2814 (http)
2023-01-05 00:08:57.953  INFO 24272 --- [restartedMain] o.apache.catalina.core.StandardService   : Starting service [Tomcat]
2023-01-05 00:08:57.953  INFO 24272 --- [restartedMain] org.apache.catalina.core.StandardEngine  : Starting Servlet engine: [Apache Tomcat/9.0.68]
2023-01-05 00:08:58.030  INFO 24272 --- [restartedMain] o.a.c.c.C.[Tomcat].[localhost].[/]       : Initializing Spring embedded WebApplicationContext
2023-01-05 00:08:58.030  INFO 24272 --- [restartedMain] w.s.c.ServletWebServerApplicationContext : Root WebApplicationContext: initialization completed in 1640 ms
2023-01-05 00:08:58.176  INFO 24272 --- [restartedMain] o.hibernate.jpa.internal.util.LogHelper  : HHH000204: Processing PersistenceUnitInfo [name: default]
2023-01-05 00:08:58.217  INFO 24272 --- [restartedMain] org.hibernate.Version                    : HHH000412: Hibernate ORM core version 5.6.12.Final
2023-01-05 00:08:58.343  INFO 24272 --- [restartedMain] o.hibernate.annotations.common.Version   : HCANN000001: Hibernate Commons Annotations {5.1.2.Final}
2023-01-05 00:08:58.422  INFO 24272 --- [restartedMain] com.zaxxer.hikari.HikariDataSource       : HikariPool-1 - Starting...
2023-01-05 00:08:58.669  INFO 24272 --- [restartedMain] com.zaxxer.hikari.HikariDataSource       : HikariPool-1 - Start completed.
2023-01-05 00:08:58.697  INFO 24272 --- [restartedMain] org.hibernate.dialect.Dialect            : HHH000400: Using dialect: org.hibernate.dialect.MySQL8Dialect
2023-01-05 00:08:59.490  INFO 24272 --- [restartedMain] o.h.e.t.j.p.i.JtaPlatformInitiator       : HHH000490: Using JtaPlatform implementation: [org.hibernate.engine.transaction.jta.platform.internal.NoJtaPlatform]
2023-01-05 00:08:59.497  INFO 24272 --- [restartedMain] j.LocalContainerEntityManagerFactoryBean : Initialized JPA EntityManagerFactory for persistence unit 'default'
2023-01-05 00:09:00.149  WARN 24272 --- [restartedMain] JpaBaseConfiguration$JpaWebConfiguration : spring.jpa.open-in-view is enabled by default. Therefore, database queries may be performed during view rendering. Explicitly configure spring.jpa.open-in-view to disable this warning
2023-01-05 00:09:00.634  INFO 24272 --- [restartedMain] o.s.b.d.a.OptionalLiveReloadServer       : LiveReload server is running on port 35729
2023-01-05 00:09:00.664  INFO 24272 --- [restartedMain] o.s.b.w.embedded.tomcat.TomcatWebServer  : Tomcat started on port(s): 2814 (http) with context path ''
2023-01-05 00:09:00.671  INFO 24272 --- [scheduling-1] com.example.demo.LinlongApplication      : 正在清除过期登录/注册验证码...
2023-01-05 00:09:00.671  INFO 24272 --- [scheduling-1] com.example.demo.LinlongApplication      : {}
2023-01-05 00:09:00.671  INFO 24272 --- [scheduling-1] com.example.demo.LinlongApplication      : {}
2023-01-05 00:09:00.671  INFO 24272 --- [scheduling-1] com.example.demo.LinlongApplication      : {}
2023-01-05 00:09:00.671  INFO 24272 --- [scheduling-1] com.example.demo.LinlongApplication      : {}
2023-01-05 00:09:00.671  INFO 24272 --- [scheduling-1] com.example.demo.LinlongApplication      : 清除过期登录/注册验证码完成。
2023-01-05 00:09:00.672  INFO 24272 --- [restartedMain] com.example.demo.LinlongApplicationKt    : Started LinlongApplicationKt in 4.709 seconds (JVM running for 5.431)
2023-01-05 00:09:15.991  INFO 24272 --- [http-nio-192.168.101.15-2814-exec-1] o.a.c.c.C.[Tomcat].[localhost].[/]       : Initializing Spring DispatcherServlet 'dispatcherServlet'
2023-01-05 00:09:15.991  INFO 24272 --- [http-nio-192.168.101.15-2814-exec-1] o.s.web.servlet.DispatcherServlet        : Initializing Servlet 'dispatcherServlet'
2023-01-05 00:09:15.992  INFO 24272 --- [http-nio-192.168.101.15-2814-exec-1] o.s.web.servlet.DispatcherServlet        : Completed initialization in 0 ms
2023-01-05 00:14:00.684  INFO 24272 --- [scheduling-1] com.example.demo.LinlongApplication      : 正在清除过期登录/注册验证码...
2023-01-05 00:14:00.686  INFO 24272 --- [scheduling-1] com.example.demo.LinlongApplication      : {}
2023-01-05 00:14:00.686  INFO 24272 --- [scheduling-1] com.example.demo.LinlongApplication      : {}
2023-01-05 00:14:00.686  INFO 24272 --- [scheduling-1] com.example.demo.LinlongApplication      : {}
2023-01-05 00:14:00.686  INFO 24272 --- [scheduling-1] com.example.demo.LinlongApplication      : {}
2023-01-05 00:14:00.686  INFO 24272 --- [scheduling-1] com.example.demo.LinlongApplication      : 清除过期登录/注册验证码完成。
2023-01-05 00:19:00.702  INFO 24272 --- [scheduling-1] com.example.demo.LinlongApplication      : 正在清除过期登录/注册验证码...
2023-01-05 00:19:00.704  INFO 24272 --- [scheduling-1] com.example.demo.LinlongApplication      : {}
2023-01-05 00:19:00.704  INFO 24272 --- [scheduling-1] com.example.demo.LinlongApplication      : {}
2023-01-05 00:19:00.704  INFO 24272 --- [scheduling-1] com.example.demo.LinlongApplication      : {}
2023-01-05 00:19:00.704  INFO 24272 --- [scheduling-1] com.example.demo.LinlongApplication      : {}
2023-01-05 00:19:00.704  INFO 24272 --- [scheduling-1] com.example.demo.LinlongApplication      : 清除过期登录/注册验证码完成。
2023-01-05 00:24:00.721  INFO 24272 --- [scheduling-1] com.example.demo.LinlongApplication      : 正在清除过期登录/注册验证码...
2023-01-05 00:24:00.722  INFO 24272 --- [scheduling-1] com.example.demo.LinlongApplication      : {}
2023-01-05 00:24:00.722  INFO 24272 --- [scheduling-1] com.example.demo.LinlongApplication      : {}
2023-01-05 00:24:00.722  INFO 24272 --- [scheduling-1] com.example.demo.LinlongApplication      : {}
2023-01-05 00:24:00.723  INFO 24272 --- [scheduling-1] com.example.demo.LinlongApplication      : {}
2023-01-05 00:24:00.723  INFO 24272 --- [scheduling-1] com.example.demo.LinlongApplication      : 清除过期登录/注册验证码完成。
2023-01-05 00:26:54.041  INFO 24272 --- [SpringApplicationShutdownHook] j.LocalContainerEntityManagerFactoryBean : Closing JPA EntityManagerFactory for persistence unit 'default'
2023-01-05 00:26:54.044  INFO 24272 --- [SpringApplicationShutdownHook] com.zaxxer.hikari.HikariDataSource       : HikariPool-1 - Shutdown initiated...
2023-01-05 00:26:54.054  INFO 24272 --- [SpringApplicationShutdownHook] com.zaxxer.hikari.HikariDataSource       : HikariPool-1 - Shutdown completed.
2023-01-05 00:26:57.988  INFO 7456 --- [restartedMain] com.example.demo.LinlongApplicationKt    : Starting LinlongApplicationKt using Java 17.0.4.1 on LongPC with PID 7456 (D:\project\aaa_server\build\classes\kotlin\main started by LongPC in D:\project\aaa_server)
2023-01-05 00:26:57.990  INFO 7456 --- [restartedMain] com.example.demo.LinlongApplicationKt    : No active profile set, falling back to 1 default profile: "default"
2023-01-05 00:26:58.056  INFO 7456 --- [restartedMain] .e.DevToolsPropertyDefaultsPostProcessor : Devtools property defaults active! Set 'spring.devtools.add-properties' to 'false' to disable
2023-01-05 00:26:58.056  INFO 7456 --- [restartedMain] .e.DevToolsPropertyDefaultsPostProcessor : For additional web related logging consider setting the 'logging.level.web' property to 'DEBUG'
2023-01-05 00:26:58.963  INFO 7456 --- [restartedMain] .s.d.r.c.RepositoryConfigurationDelegate : Multiple Spring Data modules found, entering strict repository configuration mode
2023-01-05 00:26:58.965  INFO 7456 --- [restartedMain] .s.d.r.c.RepositoryConfigurationDelegate : Bootstrapping Spring Data JPA repositories in DEFAULT mode.
2023-01-05 00:26:59.140  INFO 7456 --- [restartedMain] .s.d.r.c.RepositoryConfigurationDelegate : Finished Spring Data repository scanning in 168 ms. Found 17 JPA repository interfaces.
2023-01-05 00:26:59.153  INFO 7456 --- [restartedMain] .s.d.r.c.RepositoryConfigurationDelegate : Multiple Spring Data modules found, entering strict repository configuration mode
2023-01-05 00:26:59.158  INFO 7456 --- [restartedMain] .s.d.r.c.RepositoryConfigurationDelegate : Bootstrapping Spring Data Redis repositories in DEFAULT mode.
2023-01-05 00:26:59.182  INFO 7456 --- [restartedMain] .RepositoryConfigurationExtensionSupport : Spring Data Redis - Could not safely identify store assignment for repository candidate interface com.example.demo.entity.UsersRepository; If you want this repository to be a Redis repository, consider annotating your entities with one of these annotations: org.springframework.data.redis.core.RedisHash (preferred), or consider extending one of the following types with your repository: org.springframework.data.keyvalue.repository.KeyValueRepository
2023-01-05 00:26:59.182  INFO 7456 --- [restartedMain] .RepositoryConfigurationExtensionSupport : Spring Data Redis - Could not safely identify store assignment for repository candidate interface com.example.demo.entity.info.FragmentMemoryInfosRepository; If you want this repository to be a Redis repository, consider annotating your entities with one of these annotations: org.springframework.data.redis.core.RedisHash (preferred), or consider extending one of the following types with your repository: org.springframework.data.keyvalue.repository.KeyValueRepository
2023-01-05 00:26:59.183  INFO 7456 --- [restartedMain] .RepositoryConfigurationExtensionSupport : Spring Data Redis - Could not safely identify store assignment for repository candidate interface com.example.demo.entity.r.RDocument2DocumentGroupsRepository; If you want this repository to be a Redis repository, consider annotating your entities with one of these annotations: org.springframework.data.redis.core.RedisHash (preferred), or consider extending one of the following types with your repository: org.springframework.data.keyvalue.repository.KeyValueRepository
2023-01-05 00:26:59.183  INFO 7456 --- [restartedMain] .RepositoryConfigurationExtensionSupport : Spring Data Redis - Could not safely identify store assignment for repository candidate interface com.example.demo.entity.r.RFragment2FragmentGroupsRepository; If you want this repository to be a Redis repository, consider annotating your entities with one of these annotations: org.springframework.data.redis.core.RedisHash (preferred), or consider extending one of the following types with your repository: org.springframework.data.keyvalue.repository.KeyValueRepository
2023-01-05 00:26:59.188  INFO 7456 --- [restartedMain] .RepositoryConfigurationExtensionSupport : Spring Data Redis - Could not safely identify store assignment for repository candidate interface com.example.demo.entity.r.RNote2NoteGroupsRepository; If you want this repository to be a Redis repository, consider annotating your entities with one of these annotations: org.springframework.data.redis.core.RedisHash (preferred), or consider extending one of the following types with your repository: org.springframework.data.keyvalue.repository.KeyValueRepository
2023-01-05 00:26:59.189  INFO 7456 --- [restartedMain] .RepositoryConfigurationExtensionSupport : Spring Data Redis - Could not safely identify store assignment for repository candidate interface com.example.demo.entity.test.Test2sRepository; If you want this repository to be a Redis repository, consider annotating your entities with one of these annotations: org.springframework.data.redis.core.RedisHash (preferred), or consider extending one of the following types with your repository: org.springframework.data.keyvalue.repository.KeyValueRepository
2023-01-05 00:26:59.189  INFO 7456 --- [restartedMain] .RepositoryConfigurationExtensionSupport : Spring Data Redis - Could not safely identify store assignment for repository candidate interface com.example.demo.entity.test.TestsRepository; If you want this repository to be a Redis repository, consider annotating your entities with one of these annotations: org.springframework.data.redis.core.RedisHash (preferred), or consider extending one of the following types with your repository: org.springframework.data.keyvalue.repository.KeyValueRepository
2023-01-05 00:26:59.190  INFO 7456 --- [restartedMain] .RepositoryConfigurationExtensionSupport : Spring Data Redis - Could not safely identify store assignment for repository candidate interface com.example.demo.entity.two_way.ServerSyncInfosRepository; If you want this repository to be a Redis repository, consider annotating your entities with one of these annotations: org.springframework.data.redis.core.RedisHash (preferred), or consider extending one of the following types with your repository: org.springframework.data.keyvalue.repository.KeyValueRepository
2023-01-05 00:26:59.190  INFO 7456 --- [restartedMain] .RepositoryConfigurationExtensionSupport : Spring Data Redis - Could not safely identify store assignment for repository candidate interface com.example.demo.entity.unit.DocumentsRepository; If you want this repository to be a Redis repository, consider annotating your entities with one of these annotations: org.springframework.data.redis.core.RedisHash (preferred), or consider extending one of the following types with your repository: org.springframework.data.keyvalue.repository.KeyValueRepository
2023-01-05 00:26:59.191  INFO 7456 --- [restartedMain] .RepositoryConfigurationExtensionSupport : Spring Data Redis - Could not safely identify store assignment for repository candidate interface com.example.demo.entity.unit.FragmentTemplatesRepository; If you want this repository to be a Redis repository, consider annotating your entities with one of these annotations: org.springframework.data.redis.core.RedisHash (preferred), or consider extending one of the following types with your repository: org.springframework.data.keyvalue.repository.KeyValueRepository
2023-01-05 00:26:59.191  INFO 7456 --- [restartedMain] .RepositoryConfigurationExtensionSupport : Spring Data Redis - Could not safely identify store assignment for repository candidate interface com.example.demo.entity.unit.FragmentsRepository; If you want this repository to be a Redis repository, consider annotating your entities with one of these annotations: org.springframework.data.redis.core.RedisHash (preferred), or consider extending one of the following types with your repository: org.springframework.data.keyvalue.repository.KeyValueRepository
2023-01-05 00:26:59.191  INFO 7456 --- [restartedMain] .RepositoryConfigurationExtensionSupport : Spring Data Redis - Could not safely identify store assignment for repository candidate interface com.example.demo.entity.unit.MemoryGroupsRepository; If you want this repository to be a Redis repository, consider annotating your entities with one of these annotations: org.springframework.data.redis.core.RedisHash (preferred), or consider extending one of the following types with your repository: org.springframework.data.keyvalue.repository.KeyValueRepository
2023-01-05 00:26:59.192  INFO 7456 --- [restartedMain] .RepositoryConfigurationExtensionSupport : Spring Data Redis - Could not safely identify store assignment for repository candidate interface com.example.demo.entity.unit.MemoryModelsRepository; If you want this repository to be a Redis repository, consider annotating your entities with one of these annotations: org.springframework.data.redis.core.RedisHash (preferred), or consider extending one of the following types with your repository: org.springframework.data.keyvalue.repository.KeyValueRepository
2023-01-05 00:26:59.193  INFO 7456 --- [restartedMain] .RepositoryConfigurationExtensionSupport : Spring Data Redis - Could not safely identify store assignment for repository candidate interface com.example.demo.entity.unit.NotesRepository; If you want this repository to be a Redis repository, consider annotating your entities with one of these annotations: org.springframework.data.redis.core.RedisHash (preferred), or consider extending one of the following types with your repository: org.springframework.data.keyvalue.repository.KeyValueRepository
2023-01-05 00:26:59.193  INFO 7456 --- [restartedMain] .RepositoryConfigurationExtensionSupport : Spring Data Redis - Could not safely identify store assignment for repository candidate interface com.example.demo.entity.unit_group.DocumentGroupsRepository; If you want this repository to be a Redis repository, consider annotating your entities with one of these annotations: org.springframework.data.redis.core.RedisHash (preferred), or consider extending one of the following types with your repository: org.springframework.data.keyvalue.repository.KeyValueRepository
2023-01-05 00:26:59.194  INFO 7456 --- [restartedMain] .RepositoryConfigurationExtensionSupport : Spring Data Redis - Could not safely identify store assignment for repository candidate interface com.example.demo.entity.unit_group.FragmentGroupsRepository; If you want this repository to be a Redis repository, consider annotating your entities with one of these annotations: org.springframework.data.redis.core.RedisHash (preferred), or consider extending one of the following types with your repository: org.springframework.data.keyvalue.repository.KeyValueRepository
2023-01-05 00:26:59.195  INFO 7456 --- [restartedMain] .RepositoryConfigurationExtensionSupport : Spring Data Redis - Could not safely identify store assignment for repository candidate interface com.example.demo.entity.unit_group.NoteGroupsRepository; If you want this repository to be a Redis repository, consider annotating your entities with one of these annotations: org.springframework.data.redis.core.RedisHash (preferred), or consider extending one of the following types with your repository: org.springframework.data.keyvalue.repository.KeyValueRepository
2023-01-05 00:26:59.195  INFO 7456 --- [restartedMain] .s.d.r.c.RepositoryConfigurationDelegate : Finished Spring Data repository scanning in 24 ms. Found 0 Redis repository interfaces.
2023-01-05 00:26:59.706  INFO 7456 --- [restartedMain] o.s.b.w.embedded.tomcat.TomcatWebServer  : Tomcat initialized with port(s): 2814 (http)
2023-01-05 00:26:59.714  INFO 7456 --- [restartedMain] o.apache.catalina.core.StandardService   : Starting service [Tomcat]
2023-01-05 00:26:59.714  INFO 7456 --- [restartedMain] org.apache.catalina.core.StandardEngine  : Starting Servlet engine: [Apache Tomcat/9.0.68]
2023-01-05 00:26:59.792  INFO 7456 --- [restartedMain] o.a.c.c.C.[Tomcat].[localhost].[/]       : Initializing Spring embedded WebApplicationContext
2023-01-05 00:26:59.792  INFO 7456 --- [restartedMain] w.s.c.ServletWebServerApplicationContext : Root WebApplicationContext: initialization completed in 1735 ms
2023-01-05 00:26:59.951  INFO 7456 --- [restartedMain] o.hibernate.jpa.internal.util.LogHelper  : HHH000204: Processing PersistenceUnitInfo [name: default]
2023-01-05 00:26:59.988  INFO 7456 --- [restartedMain] org.hibernate.Version                    : HHH000412: Hibernate ORM core version 5.6.12.Final
2023-01-05 00:27:00.139  INFO 7456 --- [restartedMain] o.hibernate.annotations.common.Version   : HCANN000001: Hibernate Commons Annotations {5.1.2.Final}
2023-01-05 00:27:00.215  INFO 7456 --- [restartedMain] com.zaxxer.hikari.HikariDataSource       : HikariPool-1 - Starting...
2023-01-05 00:27:00.506  INFO 7456 --- [restartedMain] com.zaxxer.hikari.HikariDataSource       : HikariPool-1 - Start completed.
2023-01-05 00:27:00.530  INFO 7456 --- [restartedMain] org.hibernate.dialect.Dialect            : HHH000400: Using dialect: org.hibernate.dialect.MySQL8Dialect
2023-01-05 00:27:01.279  INFO 7456 --- [restartedMain] o.h.e.t.j.p.i.JtaPlatformInitiator       : HHH000490: Using JtaPlatform implementation: [org.hibernate.engine.transaction.jta.platform.internal.NoJtaPlatform]
2023-01-05 00:27:01.285  INFO 7456 --- [restartedMain] j.LocalContainerEntityManagerFactoryBean : Initialized JPA EntityManagerFactory for persistence unit 'default'
2023-01-05 00:27:01.946  WARN 7456 --- [restartedMain] JpaBaseConfiguration$JpaWebConfiguration : spring.jpa.open-in-view is enabled by default. Therefore, database queries may be performed during view rendering. Explicitly configure spring.jpa.open-in-view to disable this warning
2023-01-05 00:27:02.520  INFO 7456 --- [restartedMain] o.s.b.d.a.OptionalLiveReloadServer       : LiveReload server is running on port 35729
2023-01-05 00:27:02.552  INFO 7456 --- [restartedMain] o.s.b.w.embedded.tomcat.TomcatWebServer  : Tomcat started on port(s): 2814 (http) with context path ''
2023-01-05 00:27:02.559  INFO 7456 --- [scheduling-1] com.example.demo.LinlongApplication      : 正在清除过期登录/注册验证码...
2023-01-05 00:27:02.560  INFO 7456 --- [scheduling-1] com.example.demo.LinlongApplication      : {}
2023-01-05 00:27:02.560  INFO 7456 --- [scheduling-1] com.example.demo.LinlongApplication      : {}
2023-01-05 00:27:02.560  INFO 7456 --- [scheduling-1] com.example.demo.LinlongApplication      : {}
2023-01-05 00:27:02.560  INFO 7456 --- [scheduling-1] com.example.demo.LinlongApplication      : {}
2023-01-05 00:27:02.560  INFO 7456 --- [scheduling-1] com.example.demo.LinlongApplication      : 清除过期登录/注册验证码完成。
2023-01-05 00:27:02.562  INFO 7456 --- [restartedMain] com.example.demo.LinlongApplicationKt    : Started LinlongApplicationKt in 4.989 seconds (JVM running for 5.753)
2023-01-05 00:27:17.078  INFO 7456 --- [http-nio-192.168.101.15-2814-exec-1] o.a.c.c.C.[Tomcat].[localhost].[/]       : Initializing Spring DispatcherServlet 'dispatcherServlet'
2023-01-05 00:27:17.078  INFO 7456 --- [http-nio-192.168.101.15-2814-exec-1] o.s.web.servlet.DispatcherServlet        : Initializing Servlet 'dispatcherServlet'
2023-01-05 00:27:17.080  INFO 7456 --- [http-nio-192.168.101.15-2814-exec-1] o.s.web.servlet.DispatcherServlet        : Completed initialization in 2 ms
2023-01-05 00:30:24.226  INFO 7456 --- [SpringApplicationShutdownHook] j.LocalContainerEntityManagerFactoryBean : Closing JPA EntityManagerFactory for persistence unit 'default'
2023-01-05 00:30:24.228  INFO 7456 --- [SpringApplicationShutdownHook] com.zaxxer.hikari.HikariDataSource       : HikariPool-1 - Shutdown initiated...
2023-01-05 00:30:24.233  INFO 7456 --- [SpringApplicationShutdownHook] com.zaxxer.hikari.HikariDataSource       : HikariPool-1 - Shutdown completed.
